
Showing logs for build [32mcb-kubecd-environment-pr-120-72-lh5tj-1[0m stage [32mfrom-build-pack[0m and container [32mstep-credential-initializer-qkmjn[0m
{"level":"warn","ts":1577666415.695048,"logger":"fallback-logger","caller":"logging/config.go:69","msg":"Fetch GitHub commit ID from kodata failed: \"ref: refs/heads/master\" is not a valid GitHub commit ID"}
{"level":"info","ts":1577666415.6957262,"logger":"fallback-logger","caller":"creds-init/main.go:40","msg":"Credentials initialized."}

Showing logs for build [32mcb-kubecd-environment-pr-120-72-lh5tj-1[0m stage [32mfrom-build-pack[0m and container [32mstep-working-dir-initializer-tqdcv[0m
{"level":"warn","ts":1577666416.832553,"logger":"fallback-logger","caller":"logging/config.go:69","msg":"Fetch GitHub commit ID from kodata failed: open /var/run/ko/HEAD: no such file or directory"}
{"level":"info","ts":1577666416.8341675,"logger":"fallback-logger","caller":"bash/main.go:65","msg":"Successfully executed command \"mkdir -p /workspace/source\""}

Showing logs for build [32mcb-kubecd-environment-pr-120-72-lh5tj-1[0m stage [32mfrom-build-pack[0m and container [32mstep-place-tools[0m

Showing logs for build [32mcb-kubecd-environment-pr-120-72-lh5tj-1[0m stage [32mfrom-build-pack[0m and container [32mstep-git-source-cb-kubecd-environment-pr-120-72-wzf88[0m
{"level":"warn","ts":1577666443.9136994,"logger":"fallback-logger","caller":"logging/config.go:69","msg":"Fetch GitHub commit ID from kodata failed: \"ref: refs/heads/master\" is not a valid GitHub commit ID"}
{"level":"info","ts":1577666445.101694,"logger":"fallback-logger","caller":"git/git.go:102","msg":"Successfully cloned https://github.com/cb-kubecd/environment-pr-120-72-gke-upgrade-staging.git @ master in path /workspace/source"}

Showing logs for build [32mcb-kubecd-environment-pr-120-72-lh5tj-1[0m stage [32mfrom-build-pack[0m and container [32mstep-git-merge[0m
Using SHAs from PULL_REFS=master:cd9893077753215f522e54ee8b72eb401af56268,1:8ee2ceae26092b4239e7139f0c1a3cb81b9c97d4
DEBUG: ran git fetch --unshallow origin 8ee2ceae26092b4239e7139f0c1a3cb81b9c97d4: cd9893077753215f522e54ee8b72eb401af56268: in 
DEBUG: ran git checkout master in 
DEBUG: ran git reset --hard cd9893077753215f522e54ee8b72eb401af56268 in 
DEBUG: ran clean --force -d . in 
DEBUG: ran git merge 8ee2ceae26092b4239e7139f0c1a3cb81b9c97d4 in 
Merged SHA 8ee2ceae26092b4239e7139f0c1a3cb81b9c97d4 with commit message 'chore: Promote bdd-spring-1577666051 to version 0.0.1' into base branch master

Showing logs for build [32mcb-kubecd-environment-pr-120-72-lh5tj-1[0m stage [32mfrom-build-pack[0m and container [32mstep-build-helm-build[0m
WARNING: No $CHART_REPOSITORY defined so using the default value of: http://jenkins-x-chartmuseum:8080
Adding missing Helm repo: storage.googleapis.com https://storage.googleapis.com/chartmuseum.jenkins-x.io
WARNING: No secrets found on "helm/repos" due: reading the secret "helm/repos" from vault: no secret "helm/repos" not found in vault
Read credentials for https://storage.googleapis.com/chartmuseum.jenkins-x.io from vault helm/repos
Successfully added Helm repository storage.googleapis.com.
Adding missing Helm repo: jenkins-x-chartmuseum http://jenkins-x-chartmuseum:8080
WARNING: No secrets found on "helm/repos" due: reading the secret "helm/repos" from vault: no secret "helm/repos" not found in vault
Read credentials for http://jenkins-x-chartmuseum:8080 from vault helm/repos
Successfully added Helm repository jenkins-x-chartmuseum.
WARNING: No $CHART_REPOSITORY defined so using the default value of: http://jenkins-x-chartmuseum:8080
Adding missing Helm repo: chartmuseum.jenkins-x.io http://chartmuseum.jenkins-x.io
WARNING: No secrets found on "helm/repos" due: reading the secret "helm/repos" from vault: no secret "helm/repos" not found in vault
Read credentials for http://chartmuseum.jenkins-x.io from vault helm/repos
Successfully added Helm repository chartmuseum.jenkins-x.io.
